
ROM used:   2028/8192 (25%)
            2028/8192 (25%) including unused fragments

            1.0 Average locations per line
            4.8 Average locations per statement

RAM used:   23/368 (6%) at main() level
            37/368 (10%) worst case

Stack used: 6 worst case (5 in main + 1 for interrupts)
Stack size: 8

Lines Stmts  %   Files
----- ----- ---  -----
  372   212  50  main.c
   15     0   0  main.h
  661     0   0  ..\..\..\..\Program Files (x86)\PICC\Devices\16F877A.h
  456    84  20  ..\..\..\..\Program Files (x86)\PICC\Drivers\lcd.c
  423   125  30  ..\..\..\..\Program Files (x86)\PICC\Drivers\string.h
   32     0   0  ..\..\..\..\Program Files (x86)\PICC\Drivers\stddef.h
   28     0   0  ..\..\..\..\Program Files (x86)\PICC\Drivers\ctype.h
----- -----
 1987   421 Total

Page ROM  %  RAM   Vol Diff  Functions:
---- --- --- ---   --- ----  ----------
0     21   1    1             @delay_ms1
0      8   0    0             @const629
 Inline         3   596  5.9  lcd_read_byte
0      6   0    0    59  4.2  lcd_read_nibble
0     12   1    1   179  3.3  lcd_send_nibble
0     64   3    3   460  4.7  lcd_send_byte
0     51   3    2   667  5.9  lcd_init
0     18   1    4   208  6.3  lcd_gotoxy
0     44   2    1   354  4.7  lcd_putc
0     48   2    0   151  2.9  le_A0
0     29   1    2             @ITOF
0    117   6   13             @MULFF
0     31   2    4             @SFTOI
0     48   2    0   151  2.9  le_A1
0     48   2    0   151  2.9  le_A2
0      6   0    0    33  1.3  limpar
0     55   3    0   172  1.4  inicializar
0     19   1    0    96  2.9  timer1_isr
0    880  43    1  6598 10.4  MAIN
0      8   0    0             @const784
0     75   4    4             @PSTRINGC7_647
0      6   0    0             @const786
0     10   0    0             @const787
0     84   4    5             @PSTRINGCN7_647
0     21   1    3             @DIV88
0     53   3    2             @PRINTF_U_647
0     15   1    0             @const796
0      9   0    0             @const797
0      9   0    0             @const798
0     12   1    0             @const799
0     11   1    0             @const800
0     10   0    0             @const801
0      9   0    0             @const802
0     13   1    0             @const803
0      9   0    0             @const804
0      9   0    0             @const805
0     10   0    0             @const806
0      9   0    0             @const807
0      9   0    0             @const808
0     18   1    0             @const809
0      9   0    0             @const810
0     11   1    0             @const811
0     20   1    0             @const812
0     14   1    0             @const813
0     11   1    0             @goto11244
 Inline         0             @cinit1

Program metrics:
    Functions               14
    Statements              421
    Comments                434
    Volume (V)              13573
    Difficulty (D)          56.5
    Effort to implement (E) 766540
    Time to implement (T)   11 hours, 50 minutes
    Est Delivered Bugs (B)  3
    Cyclomatic Complexity   22
    Maintainability (MI)    116

 Segment     Used  Free
-----------  ----  ----
00000-00003     4  0  
00004-00030    45  0  
00031-007FF  1979  20  
00800-00FFF     0  2048  
01000-017FF     0  2048  
01800-01FFF     0  2048  



